Determining if the pthread_create exist failed with the following output:
Change Dir: /home/ugb/lnberry/Robotics/RoombaHelloWorld/libcreate-master/CMakeFiles/CMakeTmp

Run Build Command:"/usr/bin/gmake" "cmTC_abfe1/fast"
/usr/bin/gmake -f CMakeFiles/cmTC_abfe1.dir/build.make CMakeFiles/cmTC_abfe1.dir/build
gmake[1]: Entering directory '/home/ugb/lnberry/Robotics/RoombaHelloWorld/libcreate-master/CMakeFiles/CMakeTmp'
Building C object CMakeFiles/cmTC_abfe1.dir/CheckSymbolExists.c.o
/usr/bin/cc     -o CMakeFiles/cmTC_abfe1.dir/CheckSymbolExists.c.o   -c /home/ugb/lnberry/Robotics/RoombaHelloWorld/libcreate-master/CMakeFiles/CMakeTmp/CheckSymbolExists.c
Linking C executable cmTC_abfe1
/usr/bin/cmake -E cmake_link_script CMakeFiles/cmTC_abfe1.dir/link.txt --verbose=1
/usr/bin/cc       CMakeFiles/cmTC_abfe1.dir/CheckSymbolExists.c.o  -o cmTC_abfe1 -rdynamic 
CMakeFiles/cmTC_abfe1.dir/CheckSymbolExists.c.o: In function `main':
CheckSymbolExists.c:(.text+0x16): undefined reference to `pthread_create'
collect2: error: ld returned 1 exit status
CMakeFiles/cmTC_abfe1.dir/build.make:97: recipe for target 'cmTC_abfe1' failed
gmake[1]: *** [cmTC_abfe1] Error 1
gmake[1]: Leaving directory '/home/ugb/lnberry/Robotics/RoombaHelloWorld/libcreate-master/CMakeFiles/CMakeTmp'
Makefile:126: recipe for target 'cmTC_abfe1/fast' failed
gmake: *** [cmTC_abfe1/fast] Error 2

File /home/ugb/lnberry/Robotics/RoombaHelloWorld/libcreate-master/CMakeFiles/CMakeTmp/CheckSymbolExists.c:
/* */
#include <pthread.h>

int main(int argc, char** argv)
{
  (void)argv;
#ifndef pthread_create
  return ((int*)(&pthread_create))[argc];
#else
  (void)argc;
  return 0;
#endif
}

Determining if the function pthread_create exists in the pthreads failed with the following output:
Change Dir: /home/ugb/lnberry/Robotics/RoombaHelloWorld/libcreate-master/CMakeFiles/CMakeTmp

Run Build Command:"/usr/bin/gmake" "cmTC_787de/fast"
/usr/bin/gmake -f CMakeFiles/cmTC_787de.dir/build.make CMakeFiles/cmTC_787de.dir/build
gmake[1]: Entering directory '/home/ugb/lnberry/Robotics/RoombaHelloWorld/libcreate-master/CMakeFiles/CMakeTmp'
Building C object CMakeFiles/cmTC_787de.dir/CheckFunctionExists.c.o
/usr/bin/cc    -DCHECK_FUNCTION_EXISTS=pthread_create   -o CMakeFiles/cmTC_787de.dir/CheckFunctionExists.c.o   -c /usr/share/cmake/Modules/CheckFunctionExists.c
Linking C executable cmTC_787de
/usr/bin/cmake -E cmake_link_script CMakeFiles/cmTC_787de.dir/link.txt --verbose=1
/usr/bin/cc   -DCHECK_FUNCTION_EXISTS=pthread_create    CMakeFiles/cmTC_787de.dir/CheckFunctionExists.c.o  -o cmTC_787de -rdynamic -lpthreads 
/usr/bin/ld: cannot find -lpthreads
collect2: error: ld returned 1 exit status
CMakeFiles/cmTC_787de.dir/build.make:97: recipe for target 'cmTC_787de' failed
gmake[1]: *** [cmTC_787de] Error 1
gmake[1]: Leaving directory '/home/ugb/lnberry/Robotics/RoombaHelloWorld/libcreate-master/CMakeFiles/CMakeTmp'
Makefile:126: recipe for target 'cmTC_787de/fast' failed
gmake: *** [cmTC_787de/fast] Error 2


